-------------------------------------------------------------------------------
Test set: com.example.core.services.HelloServiceMockTest
-------------------------------------------------------------------------------
Tests run: 1, Failures: 0, Errors: 1, Skipped: 0, Time elapsed: 0.03 s <<< FAILURE! - in com.example.core.services.HelloServiceMockTest
com.example.core.services.HelloServiceMockTest  Time elapsed: 0.03 s  <<< ERROR!
java.lang.IllegalStateException: Unable to find a @SpringBootConfiguration, you need to use @ContextConfiguration or @SpringBootTest(classes=...) with your test

